<?xml version="1.0" encoding="UTF-8"?>
<!-- Generated by org.testng.reporters.JUnitReportReporter -->
<testsuite skipped="0" hostname="DESKTOP-83JPDUG" name="com.actitime.testscript.DemoTest" tests="1" failures="0" timestamp="2023-03-11T02:10:05 IST" time="0.010" errors="0">
  <testcase name="demo" time="0.010" classname="com.actitime.testscript.DemoTest"/>
  <system-out>
    <![CDATA[wewlcome]]>
  </system-out>
</testsuite> <!-- com.actitime.testscript.DemoTest -->
