<?xml version="1.0" encoding="UTF-8"?>
<!-- Generated by org.testng.reporters.JUnitReportReporter -->
<testsuite skipped="0" hostname="DESKTOP-83JPDUG" name="com.actitime.testscript.CustomerModule1" tests="1" failures="0" timestamp="2023-03-17T22:41:54 IST" time="67.733" errors="0">
  <testcase name="createCustomer" time="67.733" classname="com.actitime.testscript.CustomerModule1"/>
  <system-out>
    <![CDATA[createCustomer]]>
  </system-out>
</testsuite> <!-- com.actitime.testscript.CustomerModule1 -->
