<?xml version="1.0" encoding="UTF-8"?>
<!-- Generated by org.testng.reporters.JUnitReportReporter -->
<testsuite skipped="0" hostname="DESKTOP-83JPDUG" name="qsp.CloseAllBrowserWithoutQuit" tests="1" failures="0" timestamp="2023-03-19T23:44:24 IST" time="28.177" errors="0">
  <testcase name="CloseWithoutQuit" time="28.177" classname="qsp.CloseAllBrowserWithoutQuit"/>
  <system-out/>
</testsuite> <!-- qsp.CloseAllBrowserWithoutQuit -->
