<?xml version="1.0" encoding="UTF-8"?>
<!-- Generated by org.testng.reporters.JUnitReportReporter -->
<testsuite skipped="0" hostname="DESKTOP-83JPDUG" name="com.actitime.testscript.CustomerModule2" tests="1" failures="0" timestamp="2023-03-30T06:47:17 IST" time="42.336" errors="0">
  <testcase name="createCustomer" time="42.336" classname="com.actitime.testscript.CustomerModule2"/>
  <system-out>
    <![CDATA[createCustomer]]>
  </system-out>
</testsuite> <!-- com.actitime.testscript.CustomerModule2 -->
