<?xml version="1.0" encoding="UTF-8"?>
<!-- Generated by org.testng.reporters.JUnitReportReporter -->
<testsuite skipped="0" hostname="DESKTOP-83JPDUG" name="com.actitime.testscript.TestMethodClass" tests="1" failures="0" timestamp="2023-03-24T11:13:17 IST" time="47.520" errors="0">
  <testcase name="validLogin" time="47.520" classname="com.actitime.testscript.TestMethodClass"/>
  <system-out/>
</testsuite> <!-- com.actitime.testscript.TestMethodClass -->
