<?xml version="1.0" encoding="UTF-8"?>
<!-- Generated by org.testng.reporters.JUnitReportReporter -->
<testsuite skipped="0" hostname="DESKTOP-83JPDUG" name="com.actitime.testscript.ProjectModule1" tests="1" failures="0" timestamp="2023-03-31T07:45:25 IST" time="42.641" errors="0">
  <testcase name="createProject" time="42.641" classname="com.actitime.testscript.ProjectModule1"/>
  <system-out>
    <![CDATA[createProject]]>
  </system-out>
</testsuite> <!-- com.actitime.testscript.ProjectModule1 -->
