<?xml version="1.0" encoding="UTF-8"?>
<!-- Generated by org.testng.reporters.JUnitReportReporter -->
<testsuite skipped="0" hostname="DESKTOP-83JPDUG" name="com.actitime.testscript.CustomerModule" tests="3" failures="0" timestamp="2023-03-14T10:13:42 IST" time="0.006" errors="0">
  <testcase name="createCustomer" time="0.001" classname="com.actitime.testscript.CustomerModule"/>
  <system-out>
    <![CDATA[createCustomer]]>
  </system-out>
  <testcase name="modifyCustomer" time="0.003" classname="com.actitime.testscript.CustomerModule"/>
  <system-out>
    <![CDATA[modifyCustomer]]>
  </system-out>
  <testcase name="deleteCustomer" time="0.002" classname="com.actitime.testscript.CustomerModule"/>
  <system-out>
    <![CDATA[deleteCustomer]]>
  </system-out>
</testsuite> <!-- com.actitime.testscript.CustomerModule -->
