<?xml version="1.0" encoding="UTF-8"?>
<!-- Generated by org.testng.reporters.JUnitReportReporter -->
<testsuite skipped="0" hostname="DESKTOP-83JPDUG" name="com.actitime.testscript.DemoScreenshot" tests="1" failures="0" timestamp="2023-03-19T22:51:26 IST" time="8.374" errors="0">
  <testcase name="screenshot" time="8.374" classname="com.actitime.testscript.DemoScreenshot"/>
  <system-out/>
</testsuite> <!-- com.actitime.testscript.DemoScreenshot -->
