<?xml version="1.0" encoding="UTF-8"?>
<!-- Generated by org.testng.reporters.JUnitReportReporter -->
<testsuite skipped="0" hostname="DESKTOP-83JPDUG" name="com.actitime.testscript.ProjectModule" tests="3" failures="0" timestamp="2023-03-14T10:13:42 IST" time="0.025" errors="0">
  <testcase name="createProject" time="0.017" classname="com.actitime.testscript.ProjectModule"/>
  <system-out>
    <![CDATA[createProject]]>
  </system-out>
  <testcase name="modifyProject" time="0.004" classname="com.actitime.testscript.ProjectModule"/>
  <system-out>
    <![CDATA[modifyProject]]>
  </system-out>
  <testcase name="deleteProject" time="0.004" classname="com.actitime.testscript.ProjectModule"/>
  <system-out>
    <![CDATA[deleteProject]]>
  </system-out>
</testsuite> <!-- com.actitime.testscript.ProjectModule -->
